<?xml version="1.0" encoding="UTF-8"?>
<!-- Generated by org.testng.reporters.JUnitXMLReporter -->
<testsuite ignored="0" hostname="DESKTOP-2S23G7A" failures="0" tests="3" name="Surefire test" time="0.094" errors="0" timestamp="2024-01-12T09:35:18 IST">
  <testcase classname="Test.WestminsterShoppingManagerTest" name="testAddProduct" time="0.0"/>
  <testcase classname="Test.WestminsterShoppingManagerTest" name="testPrintProductList" time="0.032"/>
  <testcase classname="Test.WestminsterShoppingManagerTest" name="testSaveToFileAndLoadFromFile" time="0.0"/>
</testsuite> <!-- Surefire test -->
