<?xml version="1.0" encoding="UTF-8"?>
<testsuite xmlns:xsi="http://www.w3.org/2001/XMLSchema-instance" xsi:noNamespaceSchemaLocation="https://maven.apache.org/surefire/maven-surefire-plugin/xsd/surefire-test-report-3.0.xsd" version="3.0" name="Test.WestminsterShoppingManagerTest" time="0.5" tests="3" errors="0" skipped="0" failures="0">
  <properties>
[...]
</properties>
  <testcase name="testAddProduct" classname="Test.WestminsterShoppingManagerTest" time="0.016">
    <system-out><![CDATA[Product list loaded from file: productList.dat
Product added successfully.
]]></system-out>
  </testcase>
  <testcase name="testPrintProductList" classname="Test.WestminsterShoppingManagerTest" time="0.016">
    <system-out><![CDATA[Product list loaded from file: productList.dat
------------------------------
Product ID: null
Product Name: null
Product Category: null
Price: $0.0
Quantity Available: 0
Brand: Samsung
Warranty Period: 24 months
------------------------------
]]></system-out>
  </testcase>
  <testcase name="testSaveToFileAndLoadFromFile" classname="Test.WestminsterShoppingManagerTest" time="0">
    <system-out><![CDATA[Product list loaded from file: productList.dat
Product added successfully.
Product list saved to file: testProductLists.dat
Product list loaded from file: productList.dat
Product list loaded from file: testProductLists.dat
]]></system-out>
  </testcase>
</testsuite>